24-Mar-2020 18:52:09.566 INFO [main] org.apache.catalina.core.ApplicationContext.log ContextListener: contextInitialized()
24-Mar-2020 18:52:09.566 INFO [main] org.apache.catalina.core.ApplicationContext.log SessionListener: contextInitialized()
24-Mar-2020 18:52:09.568 INFO [main] org.apache.catalina.core.ApplicationContext.log ContextListener: attributeAdded('StockTicker', 'async.Stockticker@f79a760')
24-Mar-2020 18:53:49.303 INFO [main] org.apache.catalina.core.ApplicationContext.log SessionListener: contextDestroyed()
24-Mar-2020 18:53:49.303 INFO [main] org.apache.catalina.core.ApplicationContext.log ContextListener: contextDestroyed()
24-Mar-2020 18:58:26.131 INFO [main] org.apache.catalina.core.ApplicationContext.log ContextListener: contextInitialized()
24-Mar-2020 18:58:26.131 INFO [main] org.apache.catalina.core.ApplicationContext.log SessionListener: contextInitialized()
24-Mar-2020 18:58:26.134 INFO [main] org.apache.catalina.core.ApplicationContext.log ContextListener: attributeAdded('StockTicker', 'async.Stockticker@609640d5')
24-Mar-2020 19:16:42.115 INFO [main] org.apache.catalina.core.ApplicationContext.log ContextListener: contextInitialized()
24-Mar-2020 19:16:42.115 INFO [main] org.apache.catalina.core.ApplicationContext.log SessionListener: contextInitialized()
24-Mar-2020 19:16:42.118 INFO [main] org.apache.catalina.core.ApplicationContext.log ContextListener: attributeAdded('StockTicker', 'async.Stockticker@3b77a04f')
24-Mar-2020 19:16:42.315 INFO [main] org.apache.catalina.core.ApplicationContext.log SessionListener: contextDestroyed()
24-Mar-2020 19:16:42.315 INFO [main] org.apache.catalina.core.ApplicationContext.log ContextListener: contextDestroyed()
24-Mar-2020 19:17:54.998 INFO [main] org.apache.catalina.core.ApplicationContext.log SessionListener: contextDestroyed()
24-Mar-2020 19:17:54.998 INFO [main] org.apache.catalina.core.ApplicationContext.log ContextListener: contextDestroyed()
24-Mar-2020 19:19:17.074 INFO [main] org.apache.catalina.core.ApplicationContext.log ContextListener: contextInitialized()
24-Mar-2020 19:19:17.074 INFO [main] org.apache.catalina.core.ApplicationContext.log SessionListener: contextInitialized()
24-Mar-2020 19:19:17.076 INFO [main] org.apache.catalina.core.ApplicationContext.log ContextListener: attributeAdded('StockTicker', 'async.Stockticker@66ce957f')
24-Mar-2020 19:22:54.387 INFO [main] org.apache.catalina.core.ApplicationContext.log SessionListener: contextDestroyed()
24-Mar-2020 19:22:54.388 INFO [main] org.apache.catalina.core.ApplicationContext.log ContextListener: contextDestroyed()
24-Mar-2020 19:23:01.123 INFO [main] org.apache.catalina.core.ApplicationContext.log ContextListener: contextInitialized()
24-Mar-2020 19:23:01.123 INFO [main] org.apache.catalina.core.ApplicationContext.log SessionListener: contextInitialized()
24-Mar-2020 19:23:01.125 INFO [main] org.apache.catalina.core.ApplicationContext.log ContextListener: attributeAdded('StockTicker', 'async.Stockticker@66ce957f')
24-Mar-2020 19:25:00.217 INFO [main] org.apache.catalina.core.ApplicationContext.log SessionListener: contextDestroyed()
24-Mar-2020 19:25:00.217 INFO [main] org.apache.catalina.core.ApplicationContext.log ContextListener: contextDestroyed()
24-Mar-2020 19:25:43.434 INFO [main] org.apache.catalina.core.ApplicationContext.log ContextListener: contextInitialized()
24-Mar-2020 19:25:43.434 INFO [main] org.apache.catalina.core.ApplicationContext.log SessionListener: contextInitialized()
24-Mar-2020 19:25:43.436 INFO [main] org.apache.catalina.core.ApplicationContext.log ContextListener: attributeAdded('StockTicker', 'async.Stockticker@27953a83')
24-Mar-2020 19:53:16.946 INFO [main] org.apache.catalina.core.ApplicationContext.log SessionListener: contextDestroyed()
24-Mar-2020 19:53:16.946 INFO [main] org.apache.catalina.core.ApplicationContext.log ContextListener: contextDestroyed()
24-Mar-2020 19:53:22.871 INFO [main] org.apache.catalina.core.ApplicationContext.log ContextListener: contextInitialized()
24-Mar-2020 19:53:22.871 INFO [main] org.apache.catalina.core.ApplicationContext.log SessionListener: contextInitialized()
24-Mar-2020 19:53:22.873 INFO [main] org.apache.catalina.core.ApplicationContext.log ContextListener: attributeAdded('StockTicker', 'async.Stockticker@435871cb')
24-Mar-2020 19:59:30.005 INFO [main] org.apache.catalina.core.ApplicationContext.log SessionListener: contextDestroyed()
24-Mar-2020 19:59:30.005 INFO [main] org.apache.catalina.core.ApplicationContext.log ContextListener: contextDestroyed()
24-Mar-2020 19:59:35.246 INFO [main] org.apache.catalina.core.ApplicationContext.log ContextListener: contextInitialized()
24-Mar-2020 19:59:35.246 INFO [main] org.apache.catalina.core.ApplicationContext.log SessionListener: contextInitialized()
24-Mar-2020 19:59:35.249 INFO [main] org.apache.catalina.core.ApplicationContext.log ContextListener: attributeAdded('StockTicker', 'async.Stockticker@27953a83')
24-Mar-2020 20:05:11.994 INFO [main] org.apache.catalina.core.ApplicationContext.log SessionListener: contextDestroyed()
24-Mar-2020 20:05:11.994 INFO [main] org.apache.catalina.core.ApplicationContext.log ContextListener: contextDestroyed()
24-Mar-2020 20:05:17.411 INFO [main] org.apache.catalina.core.ApplicationContext.log ContextListener: contextInitialized()
24-Mar-2020 20:05:17.411 INFO [main] org.apache.catalina.core.ApplicationContext.log SessionListener: contextInitialized()
24-Mar-2020 20:05:17.415 INFO [main] org.apache.catalina.core.ApplicationContext.log ContextListener: attributeAdded('StockTicker', 'async.Stockticker@435871cb')
24-Mar-2020 20:08:49.670 INFO [main] org.apache.catalina.core.ApplicationContext.log SessionListener: contextDestroyed()
24-Mar-2020 20:08:49.670 INFO [main] org.apache.catalina.core.ApplicationContext.log ContextListener: contextDestroyed()
24-Mar-2020 20:10:03.471 INFO [main] org.apache.catalina.core.ApplicationContext.log ContextListener: contextInitialized()
24-Mar-2020 20:10:03.471 INFO [main] org.apache.catalina.core.ApplicationContext.log SessionListener: contextInitialized()
24-Mar-2020 20:10:03.473 INFO [main] org.apache.catalina.core.ApplicationContext.log ContextListener: attributeAdded('StockTicker', 'async.Stockticker@19fb8826')
24-Mar-2020 20:20:57.356 INFO [main] org.apache.catalina.core.ApplicationContext.log SessionListener: contextDestroyed()
24-Mar-2020 20:20:57.356 INFO [main] org.apache.catalina.core.ApplicationContext.log ContextListener: contextDestroyed()
24-Mar-2020 20:21:00.923 INFO [main] org.apache.catalina.core.ApplicationContext.log ContextListener: contextInitialized()
24-Mar-2020 20:21:00.923 INFO [main] org.apache.catalina.core.ApplicationContext.log SessionListener: contextInitialized()
24-Mar-2020 20:21:00.926 INFO [main] org.apache.catalina.core.ApplicationContext.log ContextListener: attributeAdded('StockTicker', 'async.Stockticker@1e1d3956')
24-Mar-2020 20:28:28.936 INFO [main] org.apache.catalina.core.ApplicationContext.log SessionListener: contextDestroyed()
24-Mar-2020 20:28:28.936 INFO [main] org.apache.catalina.core.ApplicationContext.log ContextListener: contextDestroyed()
24-Mar-2020 20:28:44.013 INFO [main] org.apache.catalina.core.ApplicationContext.log ContextListener: contextInitialized()
24-Mar-2020 20:28:44.014 INFO [main] org.apache.catalina.core.ApplicationContext.log SessionListener: contextInitialized()
24-Mar-2020 20:28:44.016 INFO [main] org.apache.catalina.core.ApplicationContext.log ContextListener: attributeAdded('StockTicker', 'async.Stockticker@41925502')
24-Mar-2020 20:39:30.170 INFO [main] org.apache.catalina.core.ApplicationContext.log SessionListener: contextDestroyed()
24-Mar-2020 20:39:30.170 INFO [main] org.apache.catalina.core.ApplicationContext.log ContextListener: contextDestroyed()
24-Mar-2020 20:39:33.804 INFO [main] org.apache.catalina.core.ApplicationContext.log ContextListener: contextInitialized()
24-Mar-2020 20:39:33.804 INFO [main] org.apache.catalina.core.ApplicationContext.log SessionListener: contextInitialized()
24-Mar-2020 20:39:33.807 INFO [main] org.apache.catalina.core.ApplicationContext.log ContextListener: attributeAdded('StockTicker', 'async.Stockticker@1e63ec0b')
24-Mar-2020 20:48:50.376 INFO [main] org.apache.catalina.core.ApplicationContext.log SessionListener: contextDestroyed()
24-Mar-2020 20:48:50.376 INFO [main] org.apache.catalina.core.ApplicationContext.log ContextListener: contextDestroyed()
24-Mar-2020 20:49:02.298 INFO [main] org.apache.catalina.core.ApplicationContext.log ContextListener: contextInitialized()
24-Mar-2020 20:49:02.298 INFO [main] org.apache.catalina.core.ApplicationContext.log SessionListener: contextInitialized()
24-Mar-2020 20:49:02.300 INFO [main] org.apache.catalina.core.ApplicationContext.log ContextListener: attributeAdded('StockTicker', 'async.Stockticker@36546a22')
24-Mar-2020 20:50:27.180 INFO [main] org.apache.catalina.core.ApplicationContext.log SessionListener: contextDestroyed()
24-Mar-2020 20:50:27.180 INFO [main] org.apache.catalina.core.ApplicationContext.log ContextListener: contextDestroyed()
24-Mar-2020 20:56:05.667 INFO [main] org.apache.catalina.core.ApplicationContext.log ContextListener: contextInitialized()
24-Mar-2020 20:56:05.668 INFO [main] org.apache.catalina.core.ApplicationContext.log SessionListener: contextInitialized()
24-Mar-2020 20:56:05.670 INFO [main] org.apache.catalina.core.ApplicationContext.log ContextListener: attributeAdded('StockTicker', 'async.Stockticker@3f053c80')
24-Mar-2020 20:56:09.462 SEVERE [http-nio-9091-exec-5] org.apache.catalina.core.StandardWrapperValve.invoke Servlet.service() for servlet [bob] in context with path [/PhotoServer] threw exception
	java.lang.ArrayIndexOutOfBoundsException: Index 2 out of bounds for length 2
		at HitServlet.doPost(HitServlet.java:116)
		at javax.servlet.http.HttpServlet.service(HttpServlet.java:660)
		at javax.servlet.http.HttpServlet.service(HttpServlet.java:741)
		at org.apache.catalina.core.ApplicationFilterChain.internalDoFilter(ApplicationFilterChain.java:231)
		at org.apache.catalina.core.ApplicationFilterChain.doFilter(ApplicationFilterChain.java:166)
		at org.apache.tomcat.websocket.server.WsFilter.doFilter(WsFilter.java:53)
		at org.apache.catalina.core.ApplicationFilterChain.internalDoFilter(ApplicationFilterChain.java:193)
		at org.apache.catalina.core.ApplicationFilterChain.doFilter(ApplicationFilterChain.java:166)
		at org.apache.catalina.core.StandardWrapperValve.invoke(StandardWrapperValve.java:202)
		at org.apache.catalina.core.StandardContextValve.invoke(StandardContextValve.java:96)
		at org.apache.catalina.authenticator.AuthenticatorBase.invoke(AuthenticatorBase.java:526)
		at org.apache.catalina.core.StandardHostValve.invoke(StandardHostValve.java:139)
		at org.apache.catalina.valves.ErrorReportValve.invoke(ErrorReportValve.java:92)
		at org.apache.catalina.valves.AbstractAccessLogValve.invoke(AbstractAccessLogValve.java:678)
		at org.apache.catalina.core.StandardEngineValve.invoke(StandardEngineValve.java:74)
		at org.apache.catalina.connector.CoyoteAdapter.service(CoyoteAdapter.java:343)
		at org.apache.coyote.http11.Http11Processor.service(Http11Processor.java:408)
		at org.apache.coyote.AbstractProcessorLight.process(AbstractProcessorLight.java:66)
		at org.apache.coyote.AbstractProtocol$ConnectionHandler.process(AbstractProtocol.java:860)
		at org.apache.tomcat.util.net.NioEndpoint$SocketProcessor.doRun(NioEndpoint.java:1587)
		at org.apache.tomcat.util.net.SocketProcessorBase.run(SocketProcessorBase.java:49)
		at java.base/java.util.concurrent.ThreadPoolExecutor.runWorker(ThreadPoolExecutor.java:1128)
		at java.base/java.util.concurrent.ThreadPoolExecutor$Worker.run(ThreadPoolExecutor.java:628)
		at org.apache.tomcat.util.threads.TaskThread$WrappingRunnable.run(TaskThread.java:61)
		at java.base/java.lang.Thread.run(Thread.java:830)
24-Mar-2020 20:56:31.354 INFO [main] org.apache.catalina.core.ApplicationContext.log SessionListener: contextDestroyed()
24-Mar-2020 20:56:31.354 INFO [main] org.apache.catalina.core.ApplicationContext.log ContextListener: contextDestroyed()
24-Mar-2020 20:56:34.729 INFO [main] org.apache.catalina.core.ApplicationContext.log ContextListener: contextInitialized()
24-Mar-2020 20:56:34.729 INFO [main] org.apache.catalina.core.ApplicationContext.log SessionListener: contextInitialized()
24-Mar-2020 20:56:34.732 INFO [main] org.apache.catalina.core.ApplicationContext.log ContextListener: attributeAdded('StockTicker', 'async.Stockticker@4a3329b9')
24-Mar-2020 20:56:52.035 SEVERE [http-nio-9091-exec-5] org.apache.catalina.core.StandardWrapperValve.invoke Servlet.service() for servlet [bob] in context with path [/PhotoServer] threw exception
	java.lang.ArrayIndexOutOfBoundsException: Index 2 out of bounds for length 2
		at HitServlet.doPost(HitServlet.java:116)
		at javax.servlet.http.HttpServlet.service(HttpServlet.java:660)
		at javax.servlet.http.HttpServlet.service(HttpServlet.java:741)
		at org.apache.catalina.core.ApplicationFilterChain.internalDoFilter(ApplicationFilterChain.java:231)
		at org.apache.catalina.core.ApplicationFilterChain.doFilter(ApplicationFilterChain.java:166)
		at org.apache.tomcat.websocket.server.WsFilter.doFilter(WsFilter.java:53)
		at org.apache.catalina.core.ApplicationFilterChain.internalDoFilter(ApplicationFilterChain.java:193)
		at org.apache.catalina.core.ApplicationFilterChain.doFilter(ApplicationFilterChain.java:166)
		at org.apache.catalina.core.StandardWrapperValve.invoke(StandardWrapperValve.java:202)
		at org.apache.catalina.core.StandardContextValve.invoke(StandardContextValve.java:96)
		at org.apache.catalina.authenticator.AuthenticatorBase.invoke(AuthenticatorBase.java:526)
		at org.apache.catalina.core.StandardHostValve.invoke(StandardHostValve.java:139)
		at org.apache.catalina.valves.ErrorReportValve.invoke(ErrorReportValve.java:92)
		at org.apache.catalina.valves.AbstractAccessLogValve.invoke(AbstractAccessLogValve.java:678)
		at org.apache.catalina.core.StandardEngineValve.invoke(StandardEngineValve.java:74)
		at org.apache.catalina.connector.CoyoteAdapter.service(CoyoteAdapter.java:343)
		at org.apache.coyote.http11.Http11Processor.service(Http11Processor.java:408)
		at org.apache.coyote.AbstractProcessorLight.process(AbstractProcessorLight.java:66)
		at org.apache.coyote.AbstractProtocol$ConnectionHandler.process(AbstractProtocol.java:860)
		at org.apache.tomcat.util.net.NioEndpoint$SocketProcessor.doRun(NioEndpoint.java:1587)
		at org.apache.tomcat.util.net.SocketProcessorBase.run(SocketProcessorBase.java:49)
		at java.base/java.util.concurrent.ThreadPoolExecutor.runWorker(ThreadPoolExecutor.java:1128)
		at java.base/java.util.concurrent.ThreadPoolExecutor$Worker.run(ThreadPoolExecutor.java:628)
		at org.apache.tomcat.util.threads.TaskThread$WrappingRunnable.run(TaskThread.java:61)
		at java.base/java.lang.Thread.run(Thread.java:830)
24-Mar-2020 21:09:39.095 SEVERE [http-nio-9091-exec-7] org.apache.catalina.core.StandardWrapperValve.invoke Servlet.service() for servlet [bob] in context with path [/PhotoServer] threw exception
	java.lang.NumberFormatException: For input string: "20190918183110971.jpg"
		at java.base/java.lang.NumberFormatException.forInputString(NumberFormatException.java:68)
		at java.base/java.lang.Long.parseLong(Long.java:699)
		at java.base/java.lang.Long.parseLong(Long.java:824)
		at HitServlet.doPost(HitServlet.java:117)
		at javax.servlet.http.HttpServlet.service(HttpServlet.java:660)
		at javax.servlet.http.HttpServlet.service(HttpServlet.java:741)
		at org.apache.catalina.core.ApplicationFilterChain.internalDoFilter(ApplicationFilterChain.java:231)
		at org.apache.catalina.core.ApplicationFilterChain.doFilter(ApplicationFilterChain.java:166)
		at org.apache.tomcat.websocket.server.WsFilter.doFilter(WsFilter.java:53)
		at org.apache.catalina.core.ApplicationFilterChain.internalDoFilter(ApplicationFilterChain.java:193)
		at org.apache.catalina.core.ApplicationFilterChain.doFilter(ApplicationFilterChain.java:166)
		at org.apache.catalina.core.StandardWrapperValve.invoke(StandardWrapperValve.java:202)
		at org.apache.catalina.core.StandardContextValve.invoke(StandardContextValve.java:96)
		at org.apache.catalina.authenticator.AuthenticatorBase.invoke(AuthenticatorBase.java:526)
		at org.apache.catalina.core.StandardHostValve.invoke(StandardHostValve.java:139)
		at org.apache.catalina.valves.ErrorReportValve.invoke(ErrorReportValve.java:92)
		at org.apache.catalina.valves.AbstractAccessLogValve.invoke(AbstractAccessLogValve.java:678)
		at org.apache.catalina.core.StandardEngineValve.invoke(StandardEngineValve.java:74)
		at org.apache.catalina.connector.CoyoteAdapter.service(CoyoteAdapter.java:343)
		at org.apache.coyote.http11.Http11Processor.service(Http11Processor.java:408)
		at org.apache.coyote.AbstractProcessorLight.process(AbstractProcessorLight.java:66)
		at org.apache.coyote.AbstractProtocol$ConnectionHandler.process(AbstractProtocol.java:860)
		at org.apache.tomcat.util.net.NioEndpoint$SocketProcessor.doRun(NioEndpoint.java:1587)
		at org.apache.tomcat.util.net.SocketProcessorBase.run(SocketProcessorBase.java:49)
		at java.base/java.util.concurrent.ThreadPoolExecutor.runWorker(ThreadPoolExecutor.java:1128)
		at java.base/java.util.concurrent.ThreadPoolExecutor$Worker.run(ThreadPoolExecutor.java:628)
		at org.apache.tomcat.util.threads.TaskThread$WrappingRunnable.run(TaskThread.java:61)
		at java.base/java.lang.Thread.run(Thread.java:830)
24-Mar-2020 21:10:30.516 SEVERE [http-nio-9091-exec-4] org.apache.catalina.core.StandardWrapperValve.invoke Servlet.service() for servlet [bob] in context with path [/PhotoServer] threw exception
	java.lang.NumberFormatException: For input string: "20190918183110971.jpg"
		at java.base/java.lang.NumberFormatException.forInputString(NumberFormatException.java:68)
		at java.base/java.lang.Long.parseLong(Long.java:699)
		at java.base/java.lang.Long.parseLong(Long.java:824)
		at HitServlet.doPost(HitServlet.java:117)
		at javax.servlet.http.HttpServlet.service(HttpServlet.java:660)
		at javax.servlet.http.HttpServlet.service(HttpServlet.java:741)
		at org.apache.catalina.core.ApplicationFilterChain.internalDoFilter(ApplicationFilterChain.java:231)
		at org.apache.catalina.core.ApplicationFilterChain.doFilter(ApplicationFilterChain.java:166)
		at org.apache.tomcat.websocket.server.WsFilter.doFilter(WsFilter.java:53)
		at org.apache.catalina.core.ApplicationFilterChain.internalDoFilter(ApplicationFilterChain.java:193)
		at org.apache.catalina.core.ApplicationFilterChain.doFilter(ApplicationFilterChain.java:166)
		at org.apache.catalina.core.StandardWrapperValve.invoke(StandardWrapperValve.java:202)
		at org.apache.catalina.core.StandardContextValve.invoke(StandardContextValve.java:96)
		at org.apache.catalina.authenticator.AuthenticatorBase.invoke(AuthenticatorBase.java:526)
		at org.apache.catalina.core.StandardHostValve.invoke(StandardHostValve.java:139)
		at org.apache.catalina.valves.ErrorReportValve.invoke(ErrorReportValve.java:92)
		at org.apache.catalina.valves.AbstractAccessLogValve.invoke(AbstractAccessLogValve.java:678)
		at org.apache.catalina.core.StandardEngineValve.invoke(StandardEngineValve.java:74)
		at org.apache.catalina.connector.CoyoteAdapter.service(CoyoteAdapter.java:343)
		at org.apache.coyote.http11.Http11Processor.service(Http11Processor.java:408)
		at org.apache.coyote.AbstractProcessorLight.process(AbstractProcessorLight.java:66)
		at org.apache.coyote.AbstractProtocol$ConnectionHandler.process(AbstractProtocol.java:860)
		at org.apache.tomcat.util.net.NioEndpoint$SocketProcessor.doRun(NioEndpoint.java:1587)
		at org.apache.tomcat.util.net.SocketProcessorBase.run(SocketProcessorBase.java:49)
		at java.base/java.util.concurrent.ThreadPoolExecutor.runWorker(ThreadPoolExecutor.java:1128)
		at java.base/java.util.concurrent.ThreadPoolExecutor$Worker.run(ThreadPoolExecutor.java:628)
		at org.apache.tomcat.util.threads.TaskThread$WrappingRunnable.run(TaskThread.java:61)
		at java.base/java.lang.Thread.run(Thread.java:830)
24-Mar-2020 21:19:17.559 INFO [main] org.apache.catalina.core.ApplicationContext.log SessionListener: contextDestroyed()
24-Mar-2020 21:19:17.559 INFO [main] org.apache.catalina.core.ApplicationContext.log ContextListener: contextDestroyed()
24-Mar-2020 21:26:47.691 INFO [main] org.apache.catalina.core.ApplicationContext.log ContextListener: contextInitialized()
24-Mar-2020 21:26:47.691 INFO [main] org.apache.catalina.core.ApplicationContext.log SessionListener: contextInitialized()
24-Mar-2020 21:26:47.694 INFO [main] org.apache.catalina.core.ApplicationContext.log ContextListener: attributeAdded('StockTicker', 'async.Stockticker@3f053c80')
24-Mar-2020 21:26:52.349 SEVERE [http-nio-9091-exec-3] org.apache.catalina.core.StandardWrapperValve.invoke Servlet.service() for servlet [bob] in context with path [/PhotoServer] threw exception
	java.lang.NumberFormatException: For input string: "20190918183110971.jpg"
		at java.base/java.lang.NumberFormatException.forInputString(NumberFormatException.java:68)
		at java.base/java.lang.Long.parseLong(Long.java:699)
		at java.base/java.lang.Long.parseLong(Long.java:824)
		at HitServlet.doPost(HitServlet.java:117)
		at javax.servlet.http.HttpServlet.service(HttpServlet.java:660)
		at javax.servlet.http.HttpServlet.service(HttpServlet.java:741)
		at org.apache.catalina.core.ApplicationFilterChain.internalDoFilter(ApplicationFilterChain.java:231)
		at org.apache.catalina.core.ApplicationFilterChain.doFilter(ApplicationFilterChain.java:166)
		at org.apache.tomcat.websocket.server.WsFilter.doFilter(WsFilter.java:53)
		at org.apache.catalina.core.ApplicationFilterChain.internalDoFilter(ApplicationFilterChain.java:193)
		at org.apache.catalina.core.ApplicationFilterChain.doFilter(ApplicationFilterChain.java:166)
		at org.apache.catalina.core.StandardWrapperValve.invoke(StandardWrapperValve.java:202)
		at org.apache.catalina.core.StandardContextValve.invoke(StandardContextValve.java:96)
		at org.apache.catalina.authenticator.AuthenticatorBase.invoke(AuthenticatorBase.java:526)
		at org.apache.catalina.core.StandardHostValve.invoke(StandardHostValve.java:139)
		at org.apache.catalina.valves.ErrorReportValve.invoke(ErrorReportValve.java:92)
		at org.apache.catalina.valves.AbstractAccessLogValve.invoke(AbstractAccessLogValve.java:678)
		at org.apache.catalina.core.StandardEngineValve.invoke(StandardEngineValve.java:74)
		at org.apache.catalina.connector.CoyoteAdapter.service(CoyoteAdapter.java:343)
		at org.apache.coyote.http11.Http11Processor.service(Http11Processor.java:408)
		at org.apache.coyote.AbstractProcessorLight.process(AbstractProcessorLight.java:66)
		at org.apache.coyote.AbstractProtocol$ConnectionHandler.process(AbstractProtocol.java:860)
		at org.apache.tomcat.util.net.NioEndpoint$SocketProcessor.doRun(NioEndpoint.java:1587)
		at org.apache.tomcat.util.net.SocketProcessorBase.run(SocketProcessorBase.java:49)
		at java.base/java.util.concurrent.ThreadPoolExecutor.runWorker(ThreadPoolExecutor.java:1128)
		at java.base/java.util.concurrent.ThreadPoolExecutor$Worker.run(ThreadPoolExecutor.java:628)
		at org.apache.tomcat.util.threads.TaskThread$WrappingRunnable.run(TaskThread.java:61)
		at java.base/java.lang.Thread.run(Thread.java:830)
24-Mar-2020 21:28:02.776 INFO [main] org.apache.catalina.core.ApplicationContext.log SessionListener: contextDestroyed()
24-Mar-2020 21:28:02.776 INFO [main] org.apache.catalina.core.ApplicationContext.log ContextListener: contextDestroyed()
24-Mar-2020 21:28:19.631 INFO [main] org.apache.catalina.core.ApplicationContext.log ContextListener: contextInitialized()
24-Mar-2020 21:28:19.631 INFO [main] org.apache.catalina.core.ApplicationContext.log SessionListener: contextInitialized()
24-Mar-2020 21:28:19.633 INFO [main] org.apache.catalina.core.ApplicationContext.log ContextListener: attributeAdded('StockTicker', 'async.Stockticker@71b3bc45')
24-Mar-2020 21:28:32.984 SEVERE [http-nio-9091-exec-4] org.apache.catalina.core.StandardWrapperValve.invoke Servlet.service() for servlet [terry] in context with path [/PhotoServer] threw exception
	java.io.FileNotFoundException: D:\Capstone\Server\tomcat\binD:\Capstone\Server\tomcat\webapps\PhotoServer\Images\IMG_20190918_183110971.jpg (The filename, directory name, or volume label syntax is incorrect)
		at java.base/java.io.FileOutputStream.open0(Native Method)
		at java.base/java.io.FileOutputStream.open(FileOutputStream.java:292)
		at java.base/java.io.FileOutputStream.<init>(FileOutputStream.java:235)
		at java.base/java.io.FileOutputStream.<init>(FileOutputStream.java:124)
		at UploadServlet.doPost(UploadServlet.java:91)
		at javax.servlet.http.HttpServlet.service(HttpServlet.java:660)
		at javax.servlet.http.HttpServlet.service(HttpServlet.java:741)
		at org.apache.catalina.core.ApplicationFilterChain.internalDoFilter(ApplicationFilterChain.java:231)
		at org.apache.catalina.core.ApplicationFilterChain.doFilter(ApplicationFilterChain.java:166)
		at org.apache.tomcat.websocket.server.WsFilter.doFilter(WsFilter.java:53)
		at org.apache.catalina.core.ApplicationFilterChain.internalDoFilter(ApplicationFilterChain.java:193)
		at org.apache.catalina.core.ApplicationFilterChain.doFilter(ApplicationFilterChain.java:166)
		at org.apache.catalina.core.StandardWrapperValve.invoke(StandardWrapperValve.java:202)
		at org.apache.catalina.core.StandardContextValve.invoke(StandardContextValve.java:96)
		at org.apache.catalina.authenticator.AuthenticatorBase.invoke(AuthenticatorBase.java:526)
		at org.apache.catalina.core.StandardHostValve.invoke(StandardHostValve.java:139)
		at org.apache.catalina.valves.ErrorReportValve.invoke(ErrorReportValve.java:92)
		at org.apache.catalina.valves.AbstractAccessLogValve.invoke(AbstractAccessLogValve.java:678)
		at org.apache.catalina.core.StandardEngineValve.invoke(StandardEngineValve.java:74)
		at org.apache.catalina.connector.CoyoteAdapter.service(CoyoteAdapter.java:343)
		at org.apache.coyote.http11.Http11Processor.service(Http11Processor.java:408)
		at org.apache.coyote.AbstractProcessorLight.process(AbstractProcessorLight.java:66)
		at org.apache.coyote.AbstractProtocol$ConnectionHandler.process(AbstractProtocol.java:860)
		at org.apache.tomcat.util.net.NioEndpoint$SocketProcessor.doRun(NioEndpoint.java:1587)
		at org.apache.tomcat.util.net.SocketProcessorBase.run(SocketProcessorBase.java:49)
		at java.base/java.util.concurrent.ThreadPoolExecutor.runWorker(ThreadPoolExecutor.java:1128)
		at java.base/java.util.concurrent.ThreadPoolExecutor$Worker.run(ThreadPoolExecutor.java:628)
		at org.apache.tomcat.util.threads.TaskThread$WrappingRunnable.run(TaskThread.java:61)
		at java.base/java.lang.Thread.run(Thread.java:830)
24-Mar-2020 21:29:06.829 INFO [main] org.apache.catalina.core.ApplicationContext.log SessionListener: contextDestroyed()
24-Mar-2020 21:29:06.829 INFO [main] org.apache.catalina.core.ApplicationContext.log ContextListener: contextDestroyed()
24-Mar-2020 21:29:29.740 INFO [main] org.apache.catalina.core.ApplicationContext.log ContextListener: contextInitialized()
24-Mar-2020 21:29:29.740 INFO [main] org.apache.catalina.core.ApplicationContext.log SessionListener: contextInitialized()
24-Mar-2020 21:29:29.742 INFO [main] org.apache.catalina.core.ApplicationContext.log ContextListener: attributeAdded('StockTicker', 'async.Stockticker@3b956878')
24-Mar-2020 23:36:27.509 INFO [main] org.apache.catalina.core.ApplicationContext.log SessionListener: contextDestroyed()
24-Mar-2020 23:36:27.509 INFO [main] org.apache.catalina.core.ApplicationContext.log ContextListener: contextDestroyed()
